\BOOKMARK [0][-]{chapter.1}{Einleitung}{}% 1
\BOOKMARK [1][-]{section.1.1}{Pers\366nliche Motivation}{chapter.1}% 2
\BOOKMARK [1][-]{section.1.2}{Datensatz}{chapter.1}% 3
\BOOKMARK [0][-]{chapter.2}{Infrastruktur}{}% 4
\BOOKMARK [1][-]{section.2.1}{Docker}{chapter.2}% 5
\BOOKMARK [1][-]{section.2.2}{Architektur}{chapter.2}% 6
\BOOKMARK [2][-]{subsection.2.2.1}{Frontend}{section.2.2}% 7
\BOOKMARK [2][-]{subsection.2.2.2}{Backend}{section.2.2}% 8
\BOOKMARK [2][-]{subsection.2.2.3}{Solr}{section.2.2}% 9
\BOOKMARK [0][-]{chapter.3}{Datenvorbereitung}{}% 10
\BOOKMARK [1][-]{section.3.1}{Ablauf}{chapter.3}% 11
\BOOKMARK [1][-]{section.3.2}{Satztrennung}{chapter.3}% 12
\BOOKMARK [2][-]{subsection.3.2.1}{Abk\374rzungsliste}{section.3.2}% 13
\BOOKMARK [2][-]{subsection.3.2.2}{Bibliothek PySBD}{section.3.2}% 14
\BOOKMARK [1][-]{section.3.3}{Quintupelbestimmung}{chapter.3}% 15
\BOOKMARK [0][-]{chapter.4}{Modelle}{}% 16
\BOOKMARK [1][-]{section.4.1}{Word-Embeddings}{chapter.4}% 17
\BOOKMARK [1][-]{section.4.2}{N-Gramme}{chapter.4}% 18
\BOOKMARK [1][-]{section.4.3}{Unterschiede}{chapter.4}% 19
\BOOKMARK [1][-]{section.4.4}{Implementierung}{chapter.4}% 20
\BOOKMARK [0][-]{chapter.5}{GUI}{}% 21
\BOOKMARK [1][-]{section.5.1}{Suchen}{chapter.5}% 22
\BOOKMARK [1][-]{section.5.2}{Suchergebnisse}{chapter.5}% 23
\BOOKMARK [0][-]{section*.14}{Literaturverzeichnis}{}% 24
